
*** Running vivado
    with args -log tlc.vdi -applog -m64 -product Vivado -messageDb vivado.pb -mode batch -source tlc.tcl -notrace


****** Vivado v2025.2 (64-bit)
  **** SW Build 6299465 on Fri Nov 14 12:34:56 MST 2025
  **** IP Build 6300035 on Fri Nov 14 10:48:45 MST 2025
  **** SharedData Build 6298862 on Thu Nov 13 04:50:51 MST 2025
  **** Start of session at: Thu Jul  2 01:14:17 2026
    ** Copyright 1986-2022 Xilinx, Inc. All Rights Reserved.
    ** Copyright 2022-2025 Advanced Micro Devices, Inc. All Rights Reserved.

source tlc.tcl -notrace
Command: link_design -top tlc -part xc7k70tfbv676-1
Design is defaulting to srcset: sources_1
Design is defaulting to constrset: constrs_1
INFO: [Device 21-403] Loading part xc7k70tfbv676-1
Netlist sorting complete. Time (s): cpu = 00:00:00 ; elapsed = 00:00:00 . Memory (MB): peak = 1727.078 ; gain = 0.000 ; free physical = 1259 ; free virtual = 15910
INFO: [Project 1-479] Netlist was created with Vivado 2025.2
INFO: [Project 1-570] Preparing netlist for logic optimization
Parsing XDC File [/media/shadow30812/Windows-SSD/Well/Projects/TLC/TLC.srcs/constrs_1/new/timing.xdc]
Finished Parsing XDC File [/media/shadow30812/Windows-SSD/Well/Projects/TLC/TLC.srcs/constrs_1/new/timing.xdc]
INFO: [Opt 31-138] Pushed 0 inverter(s) to 0 load pin(s).
Netlist sorting complete. Time (s): cpu = 00:00:00 ; elapsed = 00:00:00 . Memory (MB): peak = 1857.621 ; gain = 0.000 ; free physical = 1146 ; free virtual = 15785
INFO: [Project 1-111] Unisim Transformation Summary:
No Unisim elements were transformed.

5 Infos, 0 Warnings, 0 Critical Warnings and 0 Errors encountered.
link_design completed successfully
Command: opt_design
Attempting to get a license for feature 'Implementation' and/or device 'xc7k70t'
INFO: [Common 17-349] Got license for feature 'Implementation' and/or device 'xc7k70t'
Running DRC as a precondition to command opt_design

Starting DRC Task
INFO: [DRC 23-27] Running DRC with 8 threads
INFO: [Project 1-461] DRC finished with 0 Errors
INFO: [Project 1-462] Please refer to the DRC report (report_drc) for more information.

Time (s): cpu = 00:00:00.26 ; elapsed = 00:00:00.24 . Memory (MB): peak = 1942.434 ; gain = 78.840 ; free physical = 1138 ; free virtual = 15776

Starting Cache Timing Information Task
INFO: [Timing 38-35] Done setting XDC timing constraints.
Ending Cache Timing Information Task | Checksum: 246baf21e

Time (s): cpu = 00:00:03 ; elapsed = 00:00:03 . Memory (MB): peak = 2440.316 ; gain = 497.883 ; free physical = 713 ; free virtual = 15352

Starting Logic Optimization Task

Phase 1 Initialization

Phase 1.1 Core Generation And Design Setup
Phase 1.1 Core Generation And Design Setup | Checksum: 246baf21e

Time (s): cpu = 00:00:00 ; elapsed = 00:00:00 . Memory (MB): peak = 2823.066 ; gain = 0.000 ; free physical = 343 ; free virtual = 14982

Phase 1.2 Setup Constraints And Sort Netlist
Phase 1.2 Setup Constraints And Sort Netlist | Checksum: 246baf21e

Time (s): cpu = 00:00:00.01 ; elapsed = 00:00:00 . Memory (MB): peak = 2823.066 ; gain = 0.000 ; free physical = 343 ; free virtual = 14982
Phase 1 Initialization | Checksum: 246baf21e

Time (s): cpu = 00:00:00.01 ; elapsed = 00:00:00 . Memory (MB): peak = 2823.066 ; gain = 0.000 ; free physical = 343 ; free virtual = 14982

Phase 2 Timer Update And Timing Data Collection

Phase 2.1 Detect if minReqCache needed
Phase 2.1 Detect if minReqCache needed | Checksum: 246baf21e

Time (s): cpu = 00:00:00.01 ; elapsed = 00:00:00 . Memory (MB): peak = 2823.066 ; gain = 0.000 ; free physical = 343 ; free virtual = 14982

Phase 2.2 Timer Update
Phase 2.2 Timer Update | Checksum: 246baf21e

Time (s): cpu = 00:00:00.01 ; elapsed = 00:00:00 . Memory (MB): peak = 2823.066 ; gain = 0.000 ; free physical = 343 ; free virtual = 14982

Phase 2.3 Timing Data Collection
Phase 2.3 Timing Data Collection | Checksum: 246baf21e

Time (s): cpu = 00:00:00.01 ; elapsed = 00:00:00 . Memory (MB): peak = 2823.066 ; gain = 0.000 ; free physical = 343 ; free virtual = 14982
Phase 2 Timer Update And Timing Data Collection | Checksum: 246baf21e

Time (s): cpu = 00:00:00.01 ; elapsed = 00:00:00 . Memory (MB): peak = 2823.066 ; gain = 0.000 ; free physical = 343 ; free virtual = 14982

Phase 3 Retarget
INFO: [Opt 31-1851] Number of loadless carry chains removed were: 0
INFO: [Opt 31-1834] Total Chains To Be Transformed Were: 0 AND Number of Transformed insts Created are: 0
INFO: [Opt 31-138] Pushed 0 inverter(s) to 0 load pin(s).
INFO: [Opt 31-49] Retargeted 0 cell(s).
Phase 3 Retarget | Checksum: 246baf21e

Time (s): cpu = 00:00:00.01 ; elapsed = 00:00:00.01 . Memory (MB): peak = 2823.066 ; gain = 0.000 ; free physical = 343 ; free virtual = 14982
Retarget | Checksum: 246baf21e
INFO: [Opt 31-389] Phase Retarget created 0 cells and removed 0 cells

Phase 4 Constant propagation
INFO: [Opt 31-138] Pushed 0 inverter(s) to 0 load pin(s).
Phase 4 Constant propagation | Checksum: 246baf21e

Time (s): cpu = 00:00:00.01 ; elapsed = 00:00:00.01 . Memory (MB): peak = 2823.066 ; gain = 0.000 ; free physical = 343 ; free virtual = 14982
Constant propagation | Checksum: 246baf21e
INFO: [Opt 31-389] Phase Constant propagation created 0 cells and removed 0 cells

Phase 5 Sweep
INFO: [Constraints 18-11670] Building netlist checker database with flags, 0x8
Done building netlist checker database: Time (s): cpu = 00:00:00 ; elapsed = 00:00:00 . Memory (MB): peak = 2823.066 ; gain = 0.000 ; free physical = 343 ; free virtual = 14982
Phase 5 Sweep | Checksum: 246baf21e

Time (s): cpu = 00:00:00.01 ; elapsed = 00:00:00.01 . Memory (MB): peak = 2823.066 ; gain = 0.000 ; free physical = 343 ; free virtual = 14982
Sweep | Checksum: 246baf21e
INFO: [Opt 31-389] Phase Sweep created 0 cells and removed 0 cells

Phase 6 BUFG optimization
Phase 6 BUFG optimization | Checksum: 246baf21e

Time (s): cpu = 00:00:00.02 ; elapsed = 00:00:00.01 . Memory (MB): peak = 2855.082 ; gain = 32.016 ; free physical = 343 ; free virtual = 14982
BUFG optimization | Checksum: 246baf21e
INFO: [Opt 31-662] Phase BUFG optimization created 0 cells of which 0 are BUFGs and removed 0 cells.

Phase 7 Shift Register Optimization
INFO: [Opt 31-1064] SRL Remap converted 0 SRLs to 0 registers and converted 0 registers of register chains to 0 SRLs
Phase 7 Shift Register Optimization | Checksum: 246baf21e

Time (s): cpu = 00:00:00.02 ; elapsed = 00:00:00.01 . Memory (MB): peak = 2855.082 ; gain = 32.016 ; free physical = 343 ; free virtual = 14982
Shift Register Optimization | Checksum: 246baf21e
INFO: [Opt 31-389] Phase Shift Register Optimization created 0 cells and removed 0 cells

Phase 8 Post Processing Netlist
Phase 8 Post Processing Netlist | Checksum: 246baf21e

Time (s): cpu = 00:00:00.02 ; elapsed = 00:00:00.01 . Memory (MB): peak = 2855.082 ; gain = 32.016 ; free physical = 343 ; free virtual = 14982
Post Processing Netlist | Checksum: 246baf21e
INFO: [Opt 31-389] Phase Post Processing Netlist created 0 cells and removed 0 cells

Phase 9 Finalization

Phase 9.1 Finalizing Design Cores and Updating Shapes
Phase 9.1 Finalizing Design Cores and Updating Shapes | Checksum: 246baf21e

Time (s): cpu = 00:00:00.02 ; elapsed = 00:00:00.01 . Memory (MB): peak = 2855.082 ; gain = 32.016 ; free physical = 343 ; free virtual = 14982

Phase 9.2 Verifying Netlist Connectivity

Starting Connectivity Check Task

Time (s): cpu = 00:00:00 ; elapsed = 00:00:00 . Memory (MB): peak = 2855.082 ; gain = 0.000 ; free physical = 343 ; free virtual = 14982
Phase 9.2 Verifying Netlist Connectivity | Checksum: 246baf21e

Time (s): cpu = 00:00:00.02 ; elapsed = 00:00:00.01 . Memory (MB): peak = 2855.082 ; gain = 32.016 ; free physical = 343 ; free virtual = 14982
Phase 9 Finalization | Checksum: 246baf21e

Time (s): cpu = 00:00:00.02 ; elapsed = 00:00:00.01 . Memory (MB): peak = 2855.082 ; gain = 32.016 ; free physical = 343 ; free virtual = 14982
Opt_design Change Summary
=========================


-------------------------------------------------------------------------------------------------------------------------
|  Phase                        |  #Cells created  |  #Cells Removed  |  #Constrained objects preventing optimizations  |
-------------------------------------------------------------------------------------------------------------------------
|  Retarget                     |               0  |               0  |                                              0  |
|  Constant propagation         |               0  |               0  |                                              0  |
|  Sweep                        |               0  |               0  |                                              0  |
|  BUFG optimization            |               0  |               0  |                                              0  |
|  Shift Register Optimization  |               0  |               0  |                                              0  |
|  Post Processing Netlist      |               0  |               0  |                                              0  |
-------------------------------------------------------------------------------------------------------------------------


Ending Logic Optimization Task | Checksum: 246baf21e

Time (s): cpu = 00:00:00.02 ; elapsed = 00:00:00.01 . Memory (MB): peak = 2855.082 ; gain = 32.016 ; free physical = 343 ; free virtual = 14982

Starting Power Optimization Task
INFO: [Pwropt 34-132] Skipping clock gating for clocks with a period < 2.00 ns.
Ending Power Optimization Task | Checksum: 246baf21e

Time (s): cpu = 00:00:00 ; elapsed = 00:00:00 . Memory (MB): peak = 2855.082 ; gain = 0.000 ; free physical = 343 ; free virtual = 14982

Starting Final Cleanup Task
Ending Final Cleanup Task | Checksum: 246baf21e

Time (s): cpu = 00:00:00 ; elapsed = 00:00:00 . Memory (MB): peak = 2855.082 ; gain = 0.000 ; free physical = 343 ; free virtual = 14982
Netlist sorting complete. Time (s): cpu = 00:00:00 ; elapsed = 00:00:00 . Memory (MB): peak = 2855.082 ; gain = 0.000 ; free physical = 343 ; free virtual = 14982
INFO: [Common 17-83] Releasing license: Implementation
25 Infos, 0 Warnings, 0 Critical Warnings and 0 Errors encountered.
opt_design completed successfully
INFO: [Vivado 12-24828] Executing command : report_drc -file tlc_drc_opted.rpt -pb tlc_drc_opted.pb -rpx tlc_drc_opted.rpx
Command: report_drc -file tlc_drc_opted.rpt -pb tlc_drc_opted.pb -rpx tlc_drc_opted.rpx
INFO: [IP_Flow 19-234] Refreshing IP repositories
INFO: [IP_Flow 19-1704] No user IP repositories specified
INFO: [IP_Flow 19-2313] Loaded Vivado IP repository '/home/shadow30812/Vivado/2025.2/data/ip'.
INFO: [DRC 23-27] Running DRC with 8 threads
INFO: [Vivado_Tcl 2-168] The results of DRC are in file /media/shadow30812/Windows-SSD/Well/Projects/TLC/TLC.runs/impl_1/tlc_drc_opted.rpt.
report_drc completed successfully
INFO: [Timing 38-480] Writing timing data to binary archive.
Write ShapeDB Complete: Time (s): cpu = 00:00:00 ; elapsed = 00:00:00 . Memory (MB): peak = 2855.082 ; gain = 0.000 ; free physical = 365 ; free virtual = 15002
INFO: [Common 17-1381] The checkpoint '/media/shadow30812/Windows-SSD/Well/Projects/TLC/TLC.runs/impl_1/tlc_opt.dcp' has been generated.
Command: place_design
Attempting to get a license for feature 'Implementation' and/or device 'xc7k70t'
INFO: [Common 17-349] Got license for feature 'Implementation' and/or device 'xc7k70t'
INFO: [Common 17-83] Releasing license: Implementation
INFO: [DRC 23-27] Running DRC with 8 threads
INFO: [Vivado_Tcl 4-198] DRC finished with 0 Errors
INFO: [Vivado_Tcl 4-199] Please refer to the DRC report (report_drc) for more information.
INFO: [Timing 38-35] Done setting XDC timing constraints.
Running DRC as a precondition to command place_design
INFO: [DRC 23-27] Running DRC with 8 threads
INFO: [Vivado_Tcl 4-198] DRC finished with 0 Errors
INFO: [Vivado_Tcl 4-199] Please refer to the DRC report (report_drc) for more information.
INFO: [Place 30-611] Multithreading enabled for place_design using a maximum of 8 CPUs

Starting Placer Task

Phase 1 Placer Initialization

Phase 1.1 Placer Initialization Netlist Sorting
Netlist sorting complete. Time (s): cpu = 00:00:00 ; elapsed = 00:00:00 . Memory (MB): peak = 2855.082 ; gain = 0.000 ; free physical = 353 ; free virtual = 14990
Phase 1.1 Placer Initialization Netlist Sorting | Checksum: 19ac0ed4d

Time (s): cpu = 00:00:00 ; elapsed = 00:00:00.01 . Memory (MB): peak = 2855.082 ; gain = 0.000 ; free physical = 353 ; free virtual = 14990
Netlist sorting complete. Time (s): cpu = 00:00:00 ; elapsed = 00:00:00 . Memory (MB): peak = 2855.082 ; gain = 0.000 ; free physical = 353 ; free virtual = 14990

Phase 1.2 IO Placement/ Clock Placement/ Build Placer Device
Phase 1.2 IO Placement/ Clock Placement/ Build Placer Device | Checksum: 15af7b526

Time (s): cpu = 00:00:00.31 ; elapsed = 00:00:00.09 . Memory (MB): peak = 2855.082 ; gain = 0.000 ; free physical = 353 ; free virtual = 14990

Phase 1.3 Build Placer Netlist Model
Phase 1.3 Build Placer Netlist Model | Checksum: 16c63e941

Time (s): cpu = 00:00:00.48 ; elapsed = 00:00:00.12 . Memory (MB): peak = 2887.098 ; gain = 32.016 ; free physical = 353 ; free virtual = 14990

Phase 1.4 Constrain Clocks/Macros
Phase 1.4 Constrain Clocks/Macros | Checksum: 16c63e941

Time (s): cpu = 00:00:00.48 ; elapsed = 00:00:00.12 . Memory (MB): peak = 2887.098 ; gain = 32.016 ; free physical = 353 ; free virtual = 14990
Phase 1 Placer Initialization | Checksum: 16c63e941

Time (s): cpu = 00:00:00.48 ; elapsed = 00:00:00.12 . Memory (MB): peak = 2887.098 ; gain = 32.016 ; free physical = 353 ; free virtual = 14990

Phase 2 Global Placement

Phase 2.1 Floorplanning
Phase 2.1 Floorplanning | Checksum: 15c274b9e

Time (s): cpu = 00:00:00.56 ; elapsed = 00:00:00.13 . Memory (MB): peak = 2887.098 ; gain = 32.016 ; free physical = 373 ; free virtual = 15010

Phase 2.2 Update Timing before SLR Path Opt
Phase 2.2 Update Timing before SLR Path Opt | Checksum: 15c281195

Time (s): cpu = 00:00:00.61 ; elapsed = 00:00:00.14 . Memory (MB): peak = 2887.098 ; gain = 32.016 ; free physical = 373 ; free virtual = 15010

Phase 2.3 Post-Processing in Floorplanning
Phase 2.3 Post-Processing in Floorplanning | Checksum: 15c281195

Time (s): cpu = 00:00:00.62 ; elapsed = 00:00:00.14 . Memory (MB): peak = 2887.098 ; gain = 32.016 ; free physical = 380 ; free virtual = 15016

Phase 2.4 Global Place Phase1
Phase 2.4 Global Place Phase1 | Checksum: 21783f0da

Time (s): cpu = 00:00:01 ; elapsed = 00:00:00.25 . Memory (MB): peak = 2887.098 ; gain = 32.016 ; free physical = 395 ; free virtual = 15031

Phase 2.5 Global Place Phase2

Phase 2.5.1 UpdateTiming Before Physical Synthesis
Phase 2.5.1 UpdateTiming Before Physical Synthesis | Checksum: 21783f0da

Time (s): cpu = 00:00:01 ; elapsed = 00:00:00.26 . Memory (MB): peak = 2887.098 ; gain = 32.016 ; free physical = 398 ; free virtual = 15034

Phase 2.5.2 Physical Synthesis In Placer
INFO: [Physopt 32-1044] Break lutnm for timing: one critical 0, two critical 0, total 0, new lutff created 0
INFO: [Physopt 32-1138] End 1 Pass. Optimized 0 net or LUT. Breaked 0 LUT, combined 0 existing LUT and moved 0 existing LUT
INFO: [Physopt 32-65] No nets found for high-fanout optimization.
INFO: [Physopt 32-232] Optimized 0 net. Created 0 new instance.
INFO: [Physopt 32-775] End 1 Pass. Optimized 0 net or cell. Created 0 new cell, deleted 0 existing cell and moved 0 existing cell
INFO: [Physopt 32-670] No setup violation found.  DSP Register Optimization was not performed.
INFO: [Physopt 32-670] No setup violation found.  Shift Register to Pipeline Optimization was not performed.
INFO: [Physopt 32-670] No setup violation found.  Shift Register Optimization was not performed.
INFO: [Physopt 32-670] No setup violation found.  BRAM Register Optimization was not performed.
INFO: [Physopt 32-670] No setup violation found.  URAM Register Optimization was not performed.
INFO: [Physopt 32-949] No candidate nets found for dynamic/static region interface net replication
INFO: [Physopt 32-775] End 1 Pass. Optimized 0 net or cell. Created 0 new cell, deleted 0 existing cell and moved 0 existing cell
Netlist sorting complete. Time (s): cpu = 00:00:00 ; elapsed = 00:00:00 . Memory (MB): peak = 2887.098 ; gain = 0.000 ; free physical = 412 ; free virtual = 15049

Summary of Physical Synthesis Optimizations
============================================


-----------------------------------------------------------------------------------------------------------------------------------------------------------
|  Optimization                                     |  Added Cells  |  Removed Cells  |  Optimized Cells/Nets  |  Dont Touch  |  Iterations  |  Elapsed   |
-----------------------------------------------------------------------------------------------------------------------------------------------------------
|  LUT Combining                                    |            0  |              0  |                     0  |           0  |           1  |  00:00:00  |
|  Retime                                           |            0  |              0  |                     0  |           0  |           1  |  00:00:00  |
|  Very High Fanout                                 |            0  |              0  |                     0  |           0  |           1  |  00:00:00  |
|  DSP Register                                     |            0  |              0  |                     0  |           0  |           0  |  00:00:00  |
|  Shift Register to Pipeline                       |            0  |              0  |                     0  |           0  |           0  |  00:00:00  |
|  Shift Register                                   |            0  |              0  |                     0  |           0  |           0  |  00:00:00  |
|  BRAM Register                                    |            0  |              0  |                     0  |           0  |           0  |  00:00:00  |
|  URAM Register                                    |            0  |              0  |                     0  |           0  |           0  |  00:00:00  |
|  Dynamic/Static Region Interface Net Replication  |            0  |              0  |                     0  |           0  |           1  |  00:00:00  |
|  Total                                            |            0  |              0  |                     0  |           0  |           4  |  00:00:00  |
-----------------------------------------------------------------------------------------------------------------------------------------------------------


Phase 2.5.2 Physical Synthesis In Placer | Checksum: 21783f0da

Time (s): cpu = 00:00:01 ; elapsed = 00:00:00.42 . Memory (MB): peak = 2887.098 ; gain = 32.016 ; free physical = 412 ; free virtual = 15049
Phase 2.5 Global Place Phase2 | Checksum: 18d3452af

Time (s): cpu = 00:00:01 ; elapsed = 00:00:00.45 . Memory (MB): peak = 2887.098 ; gain = 32.016 ; free physical = 410 ; free virtual = 15046
Phase 2 Global Placement | Checksum: 18d3452af

Time (s): cpu = 00:00:01 ; elapsed = 00:00:00.45 . Memory (MB): peak = 2887.098 ; gain = 32.016 ; free physical = 410 ; free virtual = 15046

Phase 3 Detail Placement

Phase 3.1 Commit Multi Column Macros
Phase 3.1 Commit Multi Column Macros | Checksum: 24775c6fb

Time (s): cpu = 00:00:02 ; elapsed = 00:00:00.46 . Memory (MB): peak = 2887.098 ; gain = 32.016 ; free physical = 409 ; free virtual = 15045

Phase 3.2 Commit Most Macros & LUTRAMs
Phase 3.2 Commit Most Macros & LUTRAMs | Checksum: 1b036ca74

Time (s): cpu = 00:00:02 ; elapsed = 00:00:00.48 . Memory (MB): peak = 2887.098 ; gain = 32.016 ; free physical = 408 ; free virtual = 15045

Phase 3.3 Area Swap Optimization
Phase 3.3 Area Swap Optimization | Checksum: 230de030c

Time (s): cpu = 00:00:02 ; elapsed = 00:00:00.48 . Memory (MB): peak = 2887.098 ; gain = 32.016 ; free physical = 408 ; free virtual = 15045

Phase 3.4 Pipeline Register Optimization
Phase 3.4 Pipeline Register Optimization | Checksum: 19cb4a0a7

Time (s): cpu = 00:00:02 ; elapsed = 00:00:00.48 . Memory (MB): peak = 2887.098 ; gain = 32.016 ; free physical = 408 ; free virtual = 15045

Phase 3.5 Small Shape Detail Placement
Phase 3.5 Small Shape Detail Placement | Checksum: 27f4f301e

Time (s): cpu = 00:00:02 ; elapsed = 00:00:00.55 . Memory (MB): peak = 2887.098 ; gain = 32.016 ; free physical = 409 ; free virtual = 15045

Phase 3.6 Re-assign LUT pins
Phase 3.6 Re-assign LUT pins | Checksum: 20688a587

Time (s): cpu = 00:00:02 ; elapsed = 00:00:00.55 . Memory (MB): peak = 2887.098 ; gain = 32.016 ; free physical = 409 ; free virtual = 15045

Phase 3.7 Pipeline Register Optimization
Phase 3.7 Pipeline Register Optimization | Checksum: 17ae34326

Time (s): cpu = 00:00:02 ; elapsed = 00:00:00.55 . Memory (MB): peak = 2887.098 ; gain = 32.016 ; free physical = 409 ; free virtual = 15045
Phase 3 Detail Placement | Checksum: 17ae34326

Time (s): cpu = 00:00:02 ; elapsed = 00:00:00.55 . Memory (MB): peak = 2887.098 ; gain = 32.016 ; free physical = 409 ; free virtual = 15045

Phase 4 Post Placement Optimization and Clean-Up

Phase 4.1 Post Commit Optimization
INFO: [Timing 38-35] Done setting XDC timing constraints.

Phase 4.1.1 Post Placement Optimization
Post Placement Optimization Initialization | Checksum: 119410d31

Phase 4.1.1.1 BUFG Insertion

Starting Physical Synthesis Task

Phase 1 Physical Synthesis Initialization
INFO: [Physopt 32-721] Multithreading enabled for phys_opt_design using a maximum of 8 CPUs
INFO: [Physopt 32-619] Estimated Timing Summary | WNS=7.334 | TNS=0.000 |
Phase 1 Physical Synthesis Initialization | Checksum: 15c330613

Time (s): cpu = 00:00:00.03 ; elapsed = 00:00:00 . Memory (MB): peak = 2887.098 ; gain = 0.000 ; free physical = 408 ; free virtual = 15045
INFO: [Place 46-56] BUFG insertion identified 0 candidate nets. Inserted BUFG: 0, Replicated BUFG Driver: 0, Skipped due to Placement/Routing Conflicts: 0, Skipped due to Timing Degradation: 0, Skipped due to netlist editing failed: 0.
Ending Physical Synthesis Task | Checksum: 170356155

Time (s): cpu = 00:00:00.03 ; elapsed = 00:00:00.01 . Memory (MB): peak = 2887.098 ; gain = 0.000 ; free physical = 408 ; free virtual = 15045
Phase 4.1.1.1 BUFG Insertion | Checksum: 119410d31

Time (s): cpu = 00:00:02 ; elapsed = 00:00:00.59 . Memory (MB): peak = 2887.098 ; gain = 32.016 ; free physical = 408 ; free virtual = 15045

Phase 4.1.1.2 Post Placement Timing Optimization
INFO: [Place 30-746] Post Placement Timing Summary WNS=7.334. For the most accurate timing information please run report_timing.
Phase 4.1.1.2 Post Placement Timing Optimization | Checksum: 1a424a7de

Time (s): cpu = 00:00:02 ; elapsed = 00:00:00.59 . Memory (MB): peak = 2887.098 ; gain = 32.016 ; free physical = 408 ; free virtual = 15045

Time (s): cpu = 00:00:02 ; elapsed = 00:00:00.59 . Memory (MB): peak = 2887.098 ; gain = 32.016 ; free physical = 408 ; free virtual = 15045
Phase 4.1 Post Commit Optimization | Checksum: 1a424a7de

Time (s): cpu = 00:00:02 ; elapsed = 00:00:00.59 . Memory (MB): peak = 2887.098 ; gain = 32.016 ; free physical = 408 ; free virtual = 15045

Phase 4.2 Post Placement Cleanup
Phase 4.2 Post Placement Cleanup | Checksum: 1a424a7de

Time (s): cpu = 00:00:02 ; elapsed = 00:00:00.59 . Memory (MB): peak = 2887.098 ; gain = 32.016 ; free physical = 408 ; free virtual = 15045

Phase 4.3 Placer Reporting

Phase 4.3.1 Print Estimated Congestion
INFO: [Place 30-612] Post-Placement Estimated Congestion 
 ____________________________________________________
|           | Global Congestion | Short Congestion  |
| Direction | Region Size       | Region Size       |
|___________|___________________|___________________|
|      North|                1x1|                1x1|
|___________|___________________|___________________|
|      South|                1x1|                1x1|
|___________|___________________|___________________|
|       East|                1x1|                1x1|
|___________|___________________|___________________|
|       West|                1x1|                1x1|
|___________|___________________|___________________|

Phase 4.3.1 Print Estimated Congestion | Checksum: 1a424a7de

Time (s): cpu = 00:00:02 ; elapsed = 00:00:00.59 . Memory (MB): peak = 2887.098 ; gain = 32.016 ; free physical = 408 ; free virtual = 15045
Phase 4.3 Placer Reporting | Checksum: 1a424a7de

Time (s): cpu = 00:00:02 ; elapsed = 00:00:00.59 . Memory (MB): peak = 2887.098 ; gain = 32.016 ; free physical = 408 ; free virtual = 15045

Phase 4.4 Final Placement Cleanup
Netlist sorting complete. Time (s): cpu = 00:00:00 ; elapsed = 00:00:00 . Memory (MB): peak = 2887.098 ; gain = 0.000 ; free physical = 408 ; free virtual = 15045

Time (s): cpu = 00:00:02 ; elapsed = 00:00:00.59 . Memory (MB): peak = 2887.098 ; gain = 32.016 ; free physical = 408 ; free virtual = 15045
Phase 4 Post Placement Optimization and Clean-Up | Checksum: 15c4613fd

Time (s): cpu = 00:00:02 ; elapsed = 00:00:00.59 . Memory (MB): peak = 2887.098 ; gain = 32.016 ; free physical = 408 ; free virtual = 15045
Ending Placer Task | Checksum: 7c5cc8a3

Time (s): cpu = 00:00:02 ; elapsed = 00:00:00.59 . Memory (MB): peak = 2887.098 ; gain = 32.016 ; free physical = 408 ; free virtual = 15045
61 Infos, 0 Warnings, 0 Critical Warnings and 0 Errors encountered.
place_design completed successfully
INFO: [Vivado 12-24838] Running report commands "report_control_sets, report_io, report_utilization" in parallel.
Running report generation with 3 threads.
INFO: [Vivado 12-24828] Executing command : report_control_sets -verbose -file tlc_control_sets_placed.rpt
report_control_sets: Time (s): cpu = 00:00:00.04 ; elapsed = 00:00:00.04 . Memory (MB): peak = 2887.098 ; gain = 0.000 ; free physical = 389 ; free virtual = 15025
INFO: [Vivado 12-24828] Executing command : report_utilization -file tlc_utilization_placed.rpt -pb tlc_utilization_placed.pb
INFO: [Vivado 12-24828] Executing command : report_io -file tlc_io_placed.rpt
report_io: Time (s): cpu = 00:00:00.14 ; elapsed = 00:00:00.13 . Memory (MB): peak = 2887.098 ; gain = 0.000 ; free physical = 383 ; free virtual = 15020
INFO: [Timing 38-480] Writing timing data to binary archive.
Wrote PlaceDB: Time (s): cpu = 00:00:00 ; elapsed = 00:00:00 . Memory (MB): peak = 2887.098 ; gain = 0.000 ; free physical = 383 ; free virtual = 15020
Write ShapeDB Complete: Time (s): cpu = 00:00:00.01 ; elapsed = 00:00:00 . Memory (MB): peak = 2887.098 ; gain = 0.000 ; free physical = 383 ; free virtual = 15020
Wrote PulsedLatchDB: Time (s): cpu = 00:00:00 ; elapsed = 00:00:00 . Memory (MB): peak = 2887.098 ; gain = 0.000 ; free physical = 383 ; free virtual = 15020
Writing XDEF routing.
Writing XDEF routing logical nets.
Writing XDEF routing special nets.
Wrote RouteStorage: Time (s): cpu = 00:00:00.02 ; elapsed = 00:00:00.01 . Memory (MB): peak = 2887.098 ; gain = 0.000 ; free physical = 383 ; free virtual = 15020
Wrote PlaceStorage: Time (s): cpu = 00:00:00 ; elapsed = 00:00:00 . Memory (MB): peak = 2887.098 ; gain = 0.000 ; free physical = 383 ; free virtual = 15020
Wrote Netlist Cache: Time (s): cpu = 00:00:00 ; elapsed = 00:00:00 . Memory (MB): peak = 2887.098 ; gain = 0.000 ; free physical = 383 ; free virtual = 15020
Wrote Device Cache: Time (s): cpu = 00:00:00.01 ; elapsed = 00:00:00.01 . Memory (MB): peak = 2887.098 ; gain = 0.000 ; free physical = 383 ; free virtual = 15020
Write Physdb Complete: Time (s): cpu = 00:00:00.04 ; elapsed = 00:00:00.02 . Memory (MB): peak = 2887.098 ; gain = 0.000 ; free physical = 383 ; free virtual = 15020
INFO: [Common 17-1381] The checkpoint '/media/shadow30812/Windows-SSD/Well/Projects/TLC/TLC.runs/impl_1/tlc_placed.dcp' has been generated.
Command: phys_opt_design
Attempting to get a license for feature 'Implementation' and/or device 'xc7k70t'
INFO: [Common 17-349] Got license for feature 'Implementation' and/or device 'xc7k70t'

Starting Initial Update Timing Task

Time (s): cpu = 00:00:00.01 ; elapsed = 00:00:00.01 . Memory (MB): peak = 2887.098 ; gain = 0.000 ; free physical = 378 ; free virtual = 15015
INFO: [Vivado_Tcl 4-2279] Estimated Timing Summary | WNS= 7.334 | TNS= 0.000 | 
INFO: [Vivado_Tcl 4-383] Design worst setup slack (WNS) is greater than or equal to 0.000 ns. All physical synthesis setup optimizations will be skipped.
INFO: [Vivado_Tcl 4-232] No setup violation found. The netlist was not modified.
INFO: [Common 17-83] Releasing license: Implementation
72 Infos, 0 Warnings, 0 Critical Warnings and 0 Errors encountered.
phys_opt_design completed successfully
INFO: [Timing 38-480] Writing timing data to binary archive.
Wrote PlaceDB: Time (s): cpu = 00:00:00 ; elapsed = 00:00:00 . Memory (MB): peak = 2887.098 ; gain = 0.000 ; free physical = 378 ; free virtual = 15015
Write ShapeDB Complete: Time (s): cpu = 00:00:00 ; elapsed = 00:00:00 . Memory (MB): peak = 2887.098 ; gain = 0.000 ; free physical = 378 ; free virtual = 15015
Wrote PulsedLatchDB: Time (s): cpu = 00:00:00 ; elapsed = 00:00:00 . Memory (MB): peak = 2887.098 ; gain = 0.000 ; free physical = 378 ; free virtual = 15015
Writing XDEF routing.
Writing XDEF routing logical nets.
Writing XDEF routing special nets.
Wrote RouteStorage: Time (s): cpu = 00:00:00.02 ; elapsed = 00:00:00.01 . Memory (MB): peak = 2887.098 ; gain = 0.000 ; free physical = 378 ; free virtual = 15015
Wrote PlaceStorage: Time (s): cpu = 00:00:00 ; elapsed = 00:00:00 . Memory (MB): peak = 2887.098 ; gain = 0.000 ; free physical = 378 ; free virtual = 15015
Wrote Netlist Cache: Time (s): cpu = 00:00:00 ; elapsed = 00:00:00 . Memory (MB): peak = 2887.098 ; gain = 0.000 ; free physical = 378 ; free virtual = 15015
Wrote Device Cache: Time (s): cpu = 00:00:00 ; elapsed = 00:00:00 . Memory (MB): peak = 2887.098 ; gain = 0.000 ; free physical = 378 ; free virtual = 15015
Write Physdb Complete: Time (s): cpu = 00:00:00.02 ; elapsed = 00:00:00.01 . Memory (MB): peak = 2887.098 ; gain = 0.000 ; free physical = 378 ; free virtual = 15015
INFO: [Common 17-1381] The checkpoint '/media/shadow30812/Windows-SSD/Well/Projects/TLC/TLC.runs/impl_1/tlc_physopt.dcp' has been generated.
Command: route_design
Attempting to get a license for feature 'Implementation' and/or device 'xc7k70t'
INFO: [Common 17-349] Got license for feature 'Implementation' and/or device 'xc7k70t'


Starting Routing Task
INFO: [Route 35-254] Multithreading enabled for route_design using a maximum of 8 CPUs

Phase 1 Build RT Design
Checksum: PlaceDB: e1a1e7a ConstDB: 0 ShapeSum: 1354bcb4 RouteDB: 5aeded75
Post Restoration Checksum: NetGraph: d560cf96 | NumContArr: 566df06 | Constraints: c2a8fa9d | Timing: c2a8fa9d
Phase 1 Build RT Design | Checksum: 26019a3d6

Time (s): cpu = 00:00:07 ; elapsed = 00:00:06 . Memory (MB): peak = 2887.098 ; gain = 0.000 ; free physical = 515 ; free virtual = 15167

Phase 2 Router Initialization

Phase 2.1 Fix Topology Constraints
Phase 2.1 Fix Topology Constraints | Checksum: 26019a3d6

Time (s): cpu = 00:00:07 ; elapsed = 00:00:06 . Memory (MB): peak = 2887.098 ; gain = 0.000 ; free physical = 515 ; free virtual = 15167

Phase 2.2 Pre Route Cleanup
Phase 2.2 Pre Route Cleanup | Checksum: 26019a3d6

Time (s): cpu = 00:00:07 ; elapsed = 00:00:06 . Memory (MB): peak = 2887.098 ; gain = 0.000 ; free physical = 515 ; free virtual = 15167
 Number of Nodes with overlaps = 0

Phase 2.3 Update Timing
Phase 2.3 Update Timing | Checksum: 13f54b9c1

Time (s): cpu = 00:00:07 ; elapsed = 00:00:06 . Memory (MB): peak = 2887.098 ; gain = 0.000 ; free physical = 515 ; free virtual = 15167
INFO: [Route 35-416] Intermediate Timing Summary | WNS=7.332  | TNS=0.000  | WHS=-0.090 | THS=-0.669 |


Phase 2.4 Soft Constraint Pins - Fast Budgeting
Phase 2.4 Soft Constraint Pins - Fast Budgeting | Checksum: 17d6c4365

Time (s): cpu = 00:00:07 ; elapsed = 00:00:06 . Memory (MB): peak = 2887.098 ; gain = 0.000 ; free physical = 515 ; free virtual = 15167

Router Utilization Summary
  Global Vertical Routing Utilization    = 0 %
  Global Horizontal Routing Utilization  = 0 %
  Routable Net Status*
  *Does not include unroutable nets such as driverless and loadless.
  Run report_route_status for detailed report.
  Number of Failed Nets               = 37
    (Failed Nets is the sum of unrouted and partially routed nets)
  Number of Unrouted Nets             = 37
  Number of Partially Routed Nets     = 0
  Number of Node Overlaps             = 0

Phase 2 Router Initialization | Checksum: 17d6c4365

Time (s): cpu = 00:00:08 ; elapsed = 00:00:06 . Memory (MB): peak = 2887.098 ; gain = 0.000 ; free physical = 515 ; free virtual = 15167

Phase 3 Global Routing
Phase 3 Global Routing | Checksum: 17d6c4365

Time (s): cpu = 00:00:08 ; elapsed = 00:00:06 . Memory (MB): peak = 2887.098 ; gain = 0.000 ; free physical = 515 ; free virtual = 15167

Phase 4 Initial Routing

Phase 4.1 Initial Net Routing Pass
Phase 4.1 Initial Net Routing Pass | Checksum: 2226e086d

Time (s): cpu = 00:00:08 ; elapsed = 00:00:06 . Memory (MB): peak = 2887.098 ; gain = 0.000 ; free physical = 515 ; free virtual = 15167
Phase 4 Initial Routing | Checksum: 2226e086d

Time (s): cpu = 00:00:08 ; elapsed = 00:00:06 . Memory (MB): peak = 2887.098 ; gain = 0.000 ; free physical = 515 ; free virtual = 15167

Phase 5 Rip-up And Reroute

Phase 5.1 Global Iteration 0
 Number of Nodes with overlaps = 2
 Number of Nodes with overlaps = 0
INFO: [Route 35-416] Intermediate Timing Summary | WNS=7.108  | TNS=0.000  | WHS=N/A    | THS=N/A    |

Phase 5.1 Global Iteration 0 | Checksum: 2c6aa5cb0

Time (s): cpu = 00:00:08 ; elapsed = 00:00:06 . Memory (MB): peak = 2887.098 ; gain = 0.000 ; free physical = 515 ; free virtual = 15167
Phase 5 Rip-up And Reroute | Checksum: 2c6aa5cb0

Time (s): cpu = 00:00:08 ; elapsed = 00:00:06 . Memory (MB): peak = 2887.098 ; gain = 0.000 ; free physical = 515 ; free virtual = 15167

Phase 6 Delay and Skew Optimization

Phase 6.1 Delay CleanUp
Phase 6.1 Delay CleanUp | Checksum: 2c6aa5cb0

Time (s): cpu = 00:00:08 ; elapsed = 00:00:06 . Memory (MB): peak = 2887.098 ; gain = 0.000 ; free physical = 515 ; free virtual = 15167

Phase 6.2 Clock Skew Optimization
Phase 6.2 Clock Skew Optimization | Checksum: 2c6aa5cb0

Time (s): cpu = 00:00:08 ; elapsed = 00:00:06 . Memory (MB): peak = 2887.098 ; gain = 0.000 ; free physical = 515 ; free virtual = 15167
Phase 6 Delay and Skew Optimization | Checksum: 2c6aa5cb0

Time (s): cpu = 00:00:08 ; elapsed = 00:00:06 . Memory (MB): peak = 2887.098 ; gain = 0.000 ; free physical = 515 ; free virtual = 15167

Phase 7 Post Hold Fix

Phase 7.1 Hold Fix Iter
INFO: [Route 35-416] Intermediate Timing Summary | WNS=7.198  | TNS=0.000  | WHS=0.207  | THS=0.000  |

Phase 7.1 Hold Fix Iter | Checksum: 2779de370

Time (s): cpu = 00:00:08 ; elapsed = 00:00:06 . Memory (MB): peak = 2887.098 ; gain = 0.000 ; free physical = 515 ; free virtual = 15167
Phase 7 Post Hold Fix | Checksum: 2779de370

Time (s): cpu = 00:00:08 ; elapsed = 00:00:06 . Memory (MB): peak = 2887.098 ; gain = 0.000 ; free physical = 515 ; free virtual = 15167

Phase 8 Route finalize

Router Utilization Summary
  Global Vertical Routing Utilization    = 0.00381839 %
  Global Horizontal Routing Utilization  = 0.00457733 %
  Routable Net Status*
  *Does not include unroutable nets such as driverless and loadless.
  Run report_route_status for detailed report.
  Number of Failed Nets               = 0
    (Failed Nets is the sum of unrouted and partially routed nets)
  Number of Unrouted Nets             = 0
  Number of Partially Routed Nets     = 0
  Number of Node Overlaps             = 0

Phase 8 Route finalize | Checksum: 2779de370

Time (s): cpu = 00:00:08 ; elapsed = 00:00:06 . Memory (MB): peak = 2887.098 ; gain = 0.000 ; free physical = 515 ; free virtual = 15167

Phase 9 Verifying routed nets

 Verification completed successfully
Phase 9 Verifying routed nets | Checksum: 2779de370

Time (s): cpu = 00:00:08 ; elapsed = 00:00:06 . Memory (MB): peak = 2887.098 ; gain = 0.000 ; free physical = 515 ; free virtual = 15167

Phase 10 Depositing Routes
Phase 10 Depositing Routes | Checksum: 1c2172333

Time (s): cpu = 00:00:08 ; elapsed = 00:00:06 . Memory (MB): peak = 2887.098 ; gain = 0.000 ; free physical = 515 ; free virtual = 15167

Phase 11 Post Process Routing
Phase 11 Post Process Routing | Checksum: 1c2172333

Time (s): cpu = 00:00:08 ; elapsed = 00:00:06 . Memory (MB): peak = 2887.098 ; gain = 0.000 ; free physical = 515 ; free virtual = 15167

Phase 12 Post Router Timing
INFO: [Route 35-57] Estimated Timing Summary | WNS=7.198  | TNS=0.000  | WHS=0.207  | THS=0.000  |

INFO: [Route 35-327] The final timing numbers are based on the router estimated timing analysis. For a complete and accurate timing signoff, please run report_timing_summary.
Phase 12 Post Router Timing | Checksum: 1c2172333

Time (s): cpu = 00:00:08 ; elapsed = 00:00:06 . Memory (MB): peak = 2887.098 ; gain = 0.000 ; free physical = 515 ; free virtual = 15167
Total Elapsed time in route_design: 5.97 secs

Phase 13 Post-Route Event Processing
Phase 13 Post-Route Event Processing | Checksum: 110b1dab6

Time (s): cpu = 00:00:08 ; elapsed = 00:00:06 . Memory (MB): peak = 2887.098 ; gain = 0.000 ; free physical = 515 ; free virtual = 15167
INFO: [Route 35-16] Router Completed Successfully
Ending Routing Task | Checksum: 110b1dab6

Time (s): cpu = 00:00:08 ; elapsed = 00:00:06 . Memory (MB): peak = 2887.098 ; gain = 0.000 ; free physical = 515 ; free virtual = 15167

Routing Is Done.
INFO: [Common 17-83] Releasing license: Implementation
83 Infos, 0 Warnings, 0 Critical Warnings and 0 Errors encountered.
route_design completed successfully
route_design: Time (s): cpu = 00:00:08 ; elapsed = 00:00:06 . Memory (MB): peak = 2887.098 ; gain = 0.000 ; free physical = 515 ; free virtual = 15167
INFO: [Vivado 12-24828] Executing command : report_drc -file tlc_drc_routed.rpt -pb tlc_drc_routed.pb -rpx tlc_drc_routed.rpx
Command: report_drc -file tlc_drc_routed.rpt -pb tlc_drc_routed.pb -rpx tlc_drc_routed.rpx
INFO: [IP_Flow 19-1839] IP Catalog is up to date.
INFO: [DRC 23-27] Running DRC with 8 threads
INFO: [Vivado_Tcl 2-168] The results of DRC are in file /media/shadow30812/Windows-SSD/Well/Projects/TLC/TLC.runs/impl_1/tlc_drc_routed.rpt.
report_drc completed successfully
INFO: [Vivado 12-24828] Executing command : report_methodology -file tlc_methodology_drc_routed.rpt -pb tlc_methodology_drc_routed.pb -rpx tlc_methodology_drc_routed.rpx
Command: report_methodology -file tlc_methodology_drc_routed.rpt -pb tlc_methodology_drc_routed.pb -rpx tlc_methodology_drc_routed.rpx
INFO: [Timing 38-35] Done setting XDC timing constraints.
INFO: [DRC 23-133] Running Methodology with 8 threads
INFO: [Vivado_Tcl 2-1520] The results of Report Methodology are in file /media/shadow30812/Windows-SSD/Well/Projects/TLC/TLC.runs/impl_1/tlc_methodology_drc_routed.rpt.
report_methodology completed successfully
INFO: [Vivado 12-24828] Executing command : report_timing_summary -max_paths 10 -routable_nets -report_unconstrained -file tlc_timing_summary_routed.rpt -pb tlc_timing_summary_routed.pb -rpx tlc_timing_summary_routed.rpx -warn_on_violation 
INFO: [Timing 38-35] Done setting XDC timing constraints.
INFO: [Timing 38-91] UpdateTimingParams: Speed grade: -1, Delay Type: min_max.
INFO: [Timing 38-191] Multithreading enabled for timing update using a maximum of 8 CPUs
INFO: [Vivado 12-24838] Running report commands "report_bus_skew, report_incremental_reuse, report_route_status" in parallel.
Running report generation with 3 threads.
INFO: [Vivado 12-24828] Executing command : report_incremental_reuse -file tlc_incremental_reuse_routed.rpt
INFO: [Vivado_Tcl 4-1062] Incremental flow is disabled. No incremental reuse Info to report.
INFO: [Vivado 12-24828] Executing command : report_route_status -file tlc_route_status.rpt -pb tlc_route_status.pb
INFO: [Vivado 12-24828] Executing command : report_bus_skew -warn_on_violation -file tlc_bus_skew_routed.rpt -pb tlc_bus_skew_routed.pb -rpx tlc_bus_skew_routed.rpx
INFO: [Timing 38-91] UpdateTimingParams: Speed grade: -1, Delay Type: min_max.
INFO: [Timing 38-191] Multithreading enabled for timing update using a maximum of 8 CPUs
INFO: [Vivado 12-24828] Executing command : report_power -file tlc_power_routed.rpt -pb tlc_power_summary_routed.pb -rpx tlc_power_routed.rpx
Command: report_power -file tlc_power_routed.rpt -pb tlc_power_summary_routed.pb -rpx tlc_power_routed.rpx
Running Vector-less Activity Propagation...

Finished Running Vector-less Activity Propagation
103 Infos, 0 Warnings, 0 Critical Warnings and 0 Errors encountered.
report_power completed successfully
INFO: [Vivado 12-24828] Executing command : report_clock_utilization -file tlc_clock_utilization_routed.rpt
INFO: [Timing 38-480] Writing timing data to binary archive.
Wrote PlaceDB: Time (s): cpu = 00:00:00 ; elapsed = 00:00:00 . Memory (MB): peak = 2902.156 ; gain = 0.000 ; free physical = 493 ; free virtual = 15146
Write ShapeDB Complete: Time (s): cpu = 00:00:00 ; elapsed = 00:00:00 . Memory (MB): peak = 2902.156 ; gain = 0.000 ; free physical = 493 ; free virtual = 15146
Wrote PulsedLatchDB: Time (s): cpu = 00:00:00 ; elapsed = 00:00:00 . Memory (MB): peak = 2902.156 ; gain = 0.000 ; free physical = 493 ; free virtual = 15146
Writing XDEF routing.
Writing XDEF routing logical nets.
Writing XDEF routing special nets.
Wrote RouteStorage: Time (s): cpu = 00:00:00.02 ; elapsed = 00:00:00.01 . Memory (MB): peak = 2902.156 ; gain = 0.000 ; free physical = 493 ; free virtual = 15146
Wrote PlaceStorage: Time (s): cpu = 00:00:00 ; elapsed = 00:00:00 . Memory (MB): peak = 2902.156 ; gain = 0.000 ; free physical = 493 ; free virtual = 15146
Wrote Netlist Cache: Time (s): cpu = 00:00:00 ; elapsed = 00:00:00 . Memory (MB): peak = 2902.156 ; gain = 0.000 ; free physical = 493 ; free virtual = 15146
Wrote Device Cache: Time (s): cpu = 00:00:00 ; elapsed = 00:00:00 . Memory (MB): peak = 2902.156 ; gain = 0.000 ; free physical = 493 ; free virtual = 15146
Write Physdb Complete: Time (s): cpu = 00:00:00.02 ; elapsed = 00:00:00.01 . Memory (MB): peak = 2902.156 ; gain = 0.000 ; free physical = 493 ; free virtual = 15146
INFO: [Common 17-1381] The checkpoint '/media/shadow30812/Windows-SSD/Well/Projects/TLC/TLC.runs/impl_1/tlc_routed.dcp' has been generated.
INFO: [Common 17-206] Exiting Vivado at Thu Jul  2 01:14:34 2026...
